Build started 11/22/2014 4:07:59 PM.
     1>Project "C:\Users\Aaron\Desktop\Projects\C++\RemoveApostrophes\RemoveApostrophes\RemoveApostrophes.vcxproj" on node 2 (build target(s)).
     1>InitializeBuildStatus:
         Creating "Debug\RemoveApostrophes.unsuccessfulbuild" because "AlwaysCreate" was specified.
       ClCompile:
         C:\Program Files (x86)\Microsoft Visual Studio 10.0\VC\bin\CL.exe /c /ZI /nologo /W3 /WX- /Od /Oy- /D WIN32 /D _DEBUG /D _CONSOLE /D _UNICODE /D UNICODE /Gm /EHsc /RTC1 /MDd /GS /fp:precise /Zc:wchar_t /Zc:forScope /Fo"Debug\\" /Fd"Debug\vc100.pdb" /Gd /TP /analyze- /errorReport:prompt remove.cpp
         remove.cpp
     1>c:\users\aaron\desktop\projects\c++\removeapostrophes\removeapostrophes\remove.cpp(35): warning C4018: '<' : signed/unsigned mismatch
     1>c:\users\aaron\desktop\projects\c++\removeapostrophes\removeapostrophes\remove.cpp(46): warning C4018: '<' : signed/unsigned mismatch
       Link:
         C:\Program Files (x86)\Microsoft Visual Studio 10.0\VC\bin\link.exe /ERRORREPORT:PROMPT /OUT:"C:\Users\Aaron\Desktop\Projects\C++\RemoveApostrophes\Debug\RemoveApostrophes.exe" /INCREMENTAL:NO /NOLOGO kernel32.lib user32.lib gdi32.lib winspool.lib comdlg32.lib advapi32.lib shell32.lib ole32.lib oleaut32.lib uuid.lib odbc32.lib odbccp32.lib /MANIFEST /ManifestFile:"Debug\RemoveApostrophes.exe.intermediate.manifest" /MANIFESTUAC:"level='asInvoker' uiAccess='false'" /DEBUG /PDB:"C:\Users\Aaron\Desktop\Projects\C++\RemoveApostrophes\Debug\RemoveApostrophes.pdb" /SUBSYSTEM:CONSOLE /TLBID:1 /DYNAMICBASE /NXCOMPAT /IMPLIB:"C:\Users\Aaron\Desktop\Projects\C++\RemoveApostrophes\Debug\RemoveApostrophes.lib" /MACHINE:X86 Debug\remove.obj
     1>remove.obj : warning LNK4075: ignoring '/EDITANDCONTINUE' due to '/INCREMENTAL:NO' specification
         RemoveApostrophes.vcxproj -> C:\Users\Aaron\Desktop\Projects\C++\RemoveApostrophes\Debug\RemoveApostrophes.exe
       Manifest:
         C:\Program Files (x86)\Microsoft SDKs\Windows\v7.0A\bin\mt.exe /nologo /verbose /outputresource:"C:\Users\Aaron\Desktop\Projects\C++\RemoveApostrophes\Debug\RemoveApostrophes.exe;#1" /manifest Debug\RemoveApostrophes.exe.intermediate.manifest
       FinalizeBuildStatus:
         Deleting file "Debug\RemoveApostrophes.unsuccessfulbuild".
         Touching "Debug\RemoveApostrophes.lastbuildstate".
     1>Done Building Project "C:\Users\Aaron\Desktop\Projects\C++\RemoveApostrophes\RemoveApostrophes\RemoveApostrophes.vcxproj" (build target(s)).

Build succeeded.

Time Elapsed 00:00:02.42
