Build started 11/23/2014 6:06:38 PM.
     1>Project "C:\Users\Aaron\Desktop\Projects\C++\Temp\Temp\Temp.vcxproj" on node 2 (build target(s)).
     1>InitializeBuildStatus:
         Touching "Debug\Temp.unsuccessfulbuild".
       ClCompile:
         C:\Program Files (x86)\Microsoft Visual Studio 10.0\VC\bin\CL.exe /c /ZI /nologo /W3 /WX- /Od /Oy- /D WIN32 /D _DEBUG /D _CONSOLE /D _UNICODE /D UNICODE /Gm /EHsc /RTC1 /MDd /GS /fp:precise /Zc:wchar_t /Zc:forScope /Fo"Debug\\" /Fd"Debug\vc100.pdb" /Gd /TP /analyze- /errorReport:prompt "..\..\..\..\..\Documents\Visual Studio 2010\Projects\P4\rinstcp.cpp" "..\..\..\..\..\Documents\Visual Studio 2010\Projects\P4\tcpRunner.cpp" "..\..\..\..\..\Documents\Visual Studio 2010\Projects\P4\tcpTest.cpp"
         tcpTest.cpp
     1>c:\users\aaron\documents\visual studio 2010\projects\p4\cputimer.h(6): fatal error C1083: Cannot open include file: 'resource.h': No such file or directory
         tcpRunner.cpp
     1>c:\users\aaron\documents\visual studio 2010\projects\p4\cputimer.h(6): fatal error C1083: Cannot open include file: 'resource.h': No such file or directory
         rinstcp.cpp
     1>c:\users\aaron\documents\visual studio 2010\projects\p4\mynew.h(8): warning C4290: C++ exception specification ignored except to indicate a function is not __declspec(nothrow)
     1>c:\users\aaron\documents\visual studio 2010\projects\p4\mynew.h(18): warning C4290: C++ exception specification ignored except to indicate a function is not __declspec(nothrow)
     1>c:\users\aaron\documents\visual studio 2010\projects\p4\tcp.h(25): warning C4996: 'strcpy': This function or variable may be unsafe. Consider using strcpy_s instead. To disable deprecation, use _CRT_SECURE_NO_WARNINGS. See online help for details.
                 c:\program files (x86)\microsoft visual studio 10.0\vc\include\string.h(105) : see declaration of 'strcpy'
     1>c:\users\aaron\documents\visual studio 2010\projects\p4\tcp.h(98): warning C4996: 'strcat': This function or variable may be unsafe. Consider using strcat_s instead. To disable deprecation, use _CRT_SECURE_NO_WARNINGS. See online help for details.
                 c:\program files (x86)\microsoft visual studio 10.0\vc\include\string.h(110) : see declaration of 'strcat'
     1>c:\users\aaron\documents\visual studio 2010\projects\p4\rinstcp.cpp(75): error C2039: 'setMaxPacket' : is not a member of 'TCP::HashEntry'
                 c:\users\aaron\documents\visual studio 2010\projects\p4\tcp.h(46) : see declaration of 'TCP::HashEntry'
         Generating Code...
     1>Done Building Project "C:\Users\Aaron\Desktop\Projects\C++\Temp\Temp\Temp.vcxproj" (build target(s)) -- FAILED.

Build FAILED.

Time Elapsed 00:00:01.04
